2025-05-13 21:44:41,306 WARNING api_logger Failed registration attempt. Errors: <ul class="errorlist"><li>username<ul class="errorlist"><li>A user with that username already exists.</li></ul></li><li>password2<ul class="errorlist"><li>This password is too common.</li></ul></li></ul>
2025-05-13 21:44:45,306 WARNING api_logger Failed registration attempt. Errors: <ul class="errorlist"><li>password2<ul class="errorlist"><li>This password is too common.</li></ul></li></ul>
2025-05-13 21:45:04,501 INFO api_logger User mitsush registered successfully.
2025-05-13 21:45:11,796 WARNING api_logger Failed login attempt for username: mitsush.
2025-05-13 21:45:17,958 WARNING api_logger Failed login attempt for username: mitsush.
2025-05-13 21:45:22,951 WARNING api_logger Failed login attempt for username: mitsu.
2025-05-13 21:45:27,517 WARNING api_logger Failed login attempt for username: mitsush.
2025-05-13 21:45:41,786 WARNING api_logger Failed registration attempt. Errors: <ul class="errorlist"><li>password2<ul class="errorlist"><li>This password is too common.</li></ul></li></ul>
2025-05-13 21:45:46,440 WARNING api_logger Failed registration attempt. Errors: <ul class="errorlist"><li>password2<ul class="errorlist"><li>This password is too common.</li></ul></li></ul>
2025-05-13 21:45:50,711 INFO api_logger User ma registered successfully.
2025-05-13 21:45:57,759 WARNING api_logger Failed login attempt for username: ma.
2025-05-13 21:46:02,496 INFO api_logger User ma logged in successfully.
2025-05-13 21:46:02,509 INFO api_logger User ma accessed the home page and viewed 0 posts.
2025-05-13 21:46:09,944 WARNING api_logger User ma failed to create a post. Errors: <ul class="errorlist"><li>__all__<ul class="errorlist nonfield"><li>Title must be at least 5 characters long.</li></ul></li></ul>
2025-05-13 21:46:11,962 WARNING api_logger User ma failed to create a post. Errors: <ul class="errorlist"><li>title<ul class="errorlist"><li>This field is required.</li></ul></li></ul>
2025-05-13 21:46:16,518 WARNING api_logger User ma failed to create a post. Errors: <ul class="errorlist"><li>__all__<ul class="errorlist nonfield"><li>Title must be at least 5 characters long.</li></ul></li></ul>
2025-05-13 21:46:17,571 INFO api_logger User ma accessed the home page and viewed 0 posts.
2025-05-13 21:46:41,065 INFO api_logger User ma created a post with title: asdasda.
2025-05-13 21:46:41,077 INFO api_logger User ma accessed the home page and viewed 1 posts.
2025-05-13 21:46:45,205 INFO api_logger User ma added a comment to post 1.
2025-05-13 21:46:45,230 INFO api_logger User ma accessed the home page and viewed 1 posts.
2025-05-13 21:46:46,897 INFO api_logger User ma viewed the profile of ma. Sent request: False, Is friend: False
2025-05-13 21:46:49,795 INFO api_logger User ma accessed the home page and viewed 1 posts.
2025-05-13 21:46:52,445 INFO api_logger User ma viewed the profile of ma. Sent request: False, Is friend: False
2025-05-13 21:46:53,124 INFO api_logger User ma is viewing their friends list with 0 friends.
2025-05-13 21:46:53,125 INFO api_logger User ma has sent friend requests to 0 users.
2025-05-13 21:46:53,126 INFO api_logger User ma has received 0 friend requests.
2025-05-13 21:46:53,126 INFO api_logger User ma performed an empty search.
2025-05-13 21:46:53,127 INFO api_logger Found 0 users who are not friends.
2025-05-13 21:46:54,292 INFO api_logger GET request to GenerateVideo endpoint.
2025-05-13 21:46:56,807 INFO api_logger POST request to GenerateVideo endpoint.
2025-05-13 21:46:56,807 INFO api_logger Generating video for prompt: asd123
2025-05-13 21:46:58,255 INFO api_logger POST request to GenerateVideo endpoint.
2025-05-13 21:46:58,255 INFO api_logger Generating video for prompt: asd123
2025-05-13 21:47:02,520 ERROR api_logger Failed to generate images.
2025-05-13 21:47:05,137 ERROR api_logger Failed to generate images.
2025-05-13 21:47:18,464 INFO api_logger POST request to GenerateVideo endpoint.
2025-05-13 21:47:18,464 INFO api_logger Generating video for prompt: a cat dancing
2025-05-13 21:47:21,305 ERROR api_logger Failed to generate images.
2025-05-13 21:47:27,566 INFO api_logger User ma viewed the profile of ma. Sent request: False, Is friend: False
2025-05-13 21:47:31,171 INFO api_logger User ma accessed the home page and viewed 1 posts.
2025-05-13 21:53:05,988 INFO api_logger User ma accessed the home page and viewed 1 posts.
2025-05-13 21:53:07,765 INFO api_logger User ma viewed the profile of ma. Sent request: False, Is friend: False
2025-05-13 21:53:08,835 INFO api_logger User ma accessed the home page and viewed 1 posts.
2025-05-13 21:53:09,619 INFO api_logger User ma accessed the home page and viewed 1 posts.
2025-05-13 22:19:27,855 INFO api_logger User ma accessed the home page and viewed 1 posts.
2025-05-13 22:20:19,784 INFO api_logger User ma accessed the home page and viewed 1 posts.
2025-05-13 22:20:23,981 INFO api_logger User ma accessed the home page and viewed 1 posts.
2025-05-13 22:20:24,799 INFO api_logger User ma accessed the home page and viewed 1 posts.
2025-05-13 22:21:37,500 INFO api_logger User ma accessed the home page and viewed 1 posts.
2025-05-13 22:22:16,992 INFO api_logger User ma accessed the home page and viewed 1 posts.
2025-05-13 22:22:22,739 INFO api_logger User ma viewed the profile of ma. Sent request: False, Is friend: False
2025-05-13 22:22:25,127 INFO api_logger User ma viewed the profile of ma. Sent request: False, Is friend: False
2025-05-13 22:22:26,326 INFO api_logger User ma accessed the home page and viewed 1 posts.
2025-05-13 22:23:35,731 INFO api_logger User ma created a post with title: asdasdasd.
2025-05-13 22:23:35,743 INFO api_logger User ma accessed the home page and viewed 3 posts.
2025-05-13 22:23:46,805 INFO api_logger User ma viewed the profile of ma. Sent request: False, Is friend: False
2025-05-13 22:23:56,798 INFO api_logger User ma updated their profile.
2025-05-13 22:23:56,809 INFO api_logger User ma accessed the home page and viewed 3 posts.
2025-05-13 22:24:06,320 INFO api_logger GET request to GenerateVideo endpoint.
2025-05-13 22:24:40,255 INFO api_logger GET request to GenerateVideo endpoint.
2025-05-13 22:24:51,596 INFO api_logger POST request to GenerateVideo endpoint.
2025-05-13 22:24:51,596 INFO api_logger Generating video for prompt: A INSANE CAT DESTROYS THE WORLD
2025-05-13 22:24:55,911 ERROR api_logger Failed to generate images.
2025-05-13 22:29:33,476 INFO api_logger User ma accessed the home page and viewed 3 posts.
2025-05-13 22:29:39,077 INFO api_logger GET request to GenerateVideo endpoint.
2025-05-13 22:30:31,621 INFO api_logger GET request to GenerateVideo endpoint.
2025-05-13 22:30:35,679 INFO api_logger GET request to GenerateVideo endpoint.
2025-05-13 22:30:36,434 INFO api_logger GET request to GenerateVideo endpoint.
2025-05-13 22:30:37,262 INFO api_logger GET request to GenerateVideo endpoint.
2025-05-13 22:30:45,050 INFO api_logger POST request to GenerateVideo endpoint.
2025-05-13 22:30:45,051 INFO api_logger Generating video for prompt: a cat destroying the world

2025-05-13 22:31:33,111 ERROR api_logger Failed to upload images to S3.
2025-05-13 22:36:50,202 INFO api_logger GET request to GenerateVideo endpoint.
2025-05-13 22:36:53,022 INFO api_logger User ma accessed the home page and viewed 3 posts.
2025-05-13 22:36:54,069 INFO api_logger GET request to GenerateVideo endpoint.
2025-05-13 22:37:02,805 INFO api_logger POST request to GenerateVideo endpoint.
2025-05-13 22:37:02,805 INFO api_logger Generating video for prompt: a cat destroying the world
2025-05-13 22:43:02,618 INFO api_logger Stored images locally: ['/media/images\\1747157928.jpg', '/media/images\\1747158034.jpg', '/media/images\\1747158139.jpg', '/media/images\\1747158161.jpg', '/media/images\\1747158182.jpg']
2025-05-13 22:43:02,621 INFO api_logger Created placeholder videos: ['/media/videos/placeholder_1747158182.mp4', '/media/videos/placeholder_1747158183.mp4', '/media/videos/placeholder_1747158184.mp4', '/media/videos/placeholder_1747158185.mp4', '/media/videos/placeholder_1747158186.mp4']
2025-05-13 22:43:02,626 INFO api_logger VideoPrompt successfully created and saved to database.
2025-05-13 22:43:02,656 INFO api_logger GET request to GenerateVideo endpoint.
2025-05-13 22:49:49,367 INFO api_logger GET request to GenerateVideo endpoint.
2025-05-13 22:50:10,292 INFO api_logger POST request to GenerateVideo endpoint.
2025-05-13 22:50:10,293 INFO api_logger Generating video for prompt: grass
2025-05-13 22:50:12,150 INFO api_logger Stored images locally: ['/media/images\\1747158610.jpg', '/media/images\\1747158610.jpg', '/media/images\\1747158611.jpg', '/media/images\\1747158611.jpg', '/media/images\\1747158612.jpg']
2025-05-13 22:50:12,153 INFO api_logger Created placeholder videos: ['/media/videos/placeholder_1747158612.mp4', '/media/videos/placeholder_1747158613.mp4', '/media/videos/placeholder_1747158614.mp4', '/media/videos/placeholder_1747158615.mp4', '/media/videos/placeholder_1747158616.mp4']
2025-05-13 22:50:12,157 INFO api_logger VideoPrompt successfully created and saved to database.
2025-05-13 22:50:16,121 INFO api_logger GET request to GenerateVideo endpoint.
2025-05-13 22:50:33,028 INFO api_logger POST request to GenerateVideo endpoint.
2025-05-13 22:50:33,028 INFO api_logger Generating video for prompt: lol
2025-05-13 22:50:34,403 INFO api_logger Stored images locally: ['/media/images\\1747158633.jpg', '/media/images\\1747158633.jpg', '/media/images\\1747158633.jpg', '/media/images\\1747158634.jpg', '/media/images\\1747158634.jpg']
2025-05-13 22:50:34,404 INFO api_logger Created placeholder videos: ['/media/videos/placeholder_1747158634.mp4', '/media/videos/placeholder_1747158635.mp4', '/media/videos/placeholder_1747158636.mp4', '/media/videos/placeholder_1747158637.mp4', '/media/videos/placeholder_1747158638.mp4']
2025-05-13 22:50:34,409 INFO api_logger VideoPrompt successfully created and saved to database.
2025-05-13 22:50:40,338 INFO api_logger GET request to GenerateVideo endpoint.
2025-05-13 23:02:23,846 INFO api_logger GET request to GenerateVideo endpoint.
2025-05-13 23:02:32,116 INFO api_logger POST request to GenerateVideo endpoint.
2025-05-13 23:02:32,116 INFO api_logger Generating video for prompt: a cat
2025-05-13 23:08:32,384 INFO api_logger Stored images locally: ['/media/images\\1747159437.jpg', '/media/images\\1747159521.jpg', '/media/images\\1747159606.jpg', '/media/images\\1747159690.jpg', '/media/images\\1747159712.jpg']
2025-05-13 23:10:07,657 INFO api_logger Created placeholder videos: ['/media/videos/placeholder_1747159712.mp4', '/media/videos/placeholder_1747159716.mp4', '/media/videos/placeholder_1747159725.mp4', '/media/videos/placeholder_1747159738.mp4', '/media/videos/placeholder_1747159773.mp4']
2025-05-13 23:10:07,663 INFO api_logger VideoPrompt successfully created and saved to database.
2025-05-13 23:31:11,068 INFO api_logger GET request to GenerateVideo endpoint.
2025-05-14 00:06:06,590 INFO api_logger User ma accessed the home page and viewed 3 posts.
2025-05-14 00:08:03,627 INFO api_logger User ma accessed the home page and viewed 3 posts.
2025-05-14 00:08:07,361 INFO api_logger GET request to GenerateVideo endpoint.
2025-05-14 00:08:12,559 INFO api_logger POST request to GenerateVideo endpoint.
2025-05-14 00:08:12,560 INFO api_logger Generating video for prompt: a dog
2025-05-14 00:13:30,241 INFO api_logger Stored images locally: ['/media/images\\1747163356.jpg', '/media/images\\1747163419.jpg', '/media/images\\1747163483.jpg', '/media/images\\1747163546.jpg', '/media/images\\1747163610.jpg']
2025-05-14 00:14:06,248 INFO api_logger Created placeholder videos: ['/media/videos/placeholder_1747163610.mp4', '/media/videos/placeholder_1747163617.mp4', '/media/videos/placeholder_1747163624.mp4', '/media/videos/placeholder_1747163633.mp4', '/media/videos/placeholder_1747163641.mp4']
2025-05-14 00:14:06,256 INFO api_logger VideoPrompt successfully created and saved to database.
2025-05-14 00:14:06,288 INFO api_logger GET request to GenerateVideo endpoint.
2025-05-14 00:27:13,696 INFO api_logger GET request to GenerateVideo endpoint.
2025-05-14 00:32:40,350 INFO api_logger GET request to GenerateVideo endpoint.
2025-05-14 00:33:51,754 INFO api_logger GET request to GenerateVideo endpoint.
2025-05-14 00:33:58,308 INFO api_logger User ma accessed the home page and viewed 3 posts.
2025-05-14 00:34:10,017 INFO api_logger User ma accessed the home page and viewed 3 posts.
2025-05-14 00:34:14,855 INFO api_logger User ma accessed the home page and viewed 3 posts.
2025-05-14 00:34:28,008 INFO api_logger User ma accessed the home page and viewed 3 posts.
2025-05-14 00:34:43,970 INFO api_logger User ma accessed the edit page for post 2.
2025-05-14 00:34:48,335 INFO api_logger User ma deleted post 2 with title: asdasdasd.
2025-05-14 00:34:48,352 INFO api_logger User ma accessed the home page and viewed 2 posts.
2025-05-14 00:34:52,806 INFO api_logger User ma accessed the home page and viewed 2 posts.
2025-05-14 00:34:54,935 INFO api_logger User ma accessed the home page and viewed 2 posts.
2025-05-14 00:40:17,916 INFO api_logger User ma accessed the home page and viewed 2 posts.
2025-05-14 00:42:34,128 INFO api_logger User ma accessed the home page and viewed 2 posts.
2025-05-14 00:43:09,847 INFO api_logger User ma accessed the home page and viewed 2 posts.
2025-05-14 00:43:35,723 INFO api_logger User ma liked post 1.
2025-05-14 00:43:35,743 INFO api_logger User ma unliked post 1.
2025-05-14 00:43:37,248 INFO api_logger User ma accessed the home page and viewed 2 posts.
2025-05-14 00:43:38,360 INFO api_logger User ma liked post 1.
2025-05-14 00:43:38,364 INFO api_logger User ma liked post 1.
2025-05-14 00:43:39,146 INFO api_logger User ma accessed the home page and viewed 2 posts.
2025-05-14 00:43:40,620 INFO api_logger User ma liked post 3.
2025-05-14 00:43:40,638 INFO api_logger User ma liked post 3.
2025-05-14 00:43:41,258 INFO api_logger User ma accessed the home page and viewed 2 posts.
2025-05-14 00:43:42,379 INFO api_logger User ma unliked post 1.
2025-05-14 00:43:42,386 INFO api_logger User ma unliked post 1.
2025-05-14 00:43:42,899 INFO api_logger User ma accessed the home page and viewed 2 posts.
2025-05-14 00:43:43,680 INFO api_logger User ma liked post 1.
2025-05-14 00:43:43,696 INFO api_logger User ma unliked post 1.
2025-05-14 00:43:44,155 INFO api_logger User ma liked post 1.
2025-05-14 00:43:44,163 INFO api_logger User ma liked post 1.
2025-05-14 00:43:44,739 INFO api_logger User ma unliked post 1.
2025-05-14 00:43:44,753 INFO api_logger User ma unliked post 1.
2025-05-14 00:43:45,227 INFO api_logger User ma liked post 1.
2025-05-14 00:43:45,242 INFO api_logger User ma liked post 1.
2025-05-14 00:43:45,733 INFO api_logger User ma unliked post 1.
2025-05-14 00:43:45,745 INFO api_logger User ma liked post 1.
2025-05-14 00:43:46,420 INFO api_logger User ma unliked post 1.
2025-05-14 00:43:46,426 INFO api_logger User ma unliked post 1.
2025-05-14 00:48:42,678 INFO api_logger User ma accessed the home page and viewed 2 posts.
2025-05-14 00:49:00,826 INFO api_logger User ma viewed the profile of ma. Sent request: False, Is friend: False
2025-05-14 00:49:02,129 INFO api_logger User ma is viewing their friends list with 0 friends.
2025-05-14 00:49:02,130 INFO api_logger User ma has sent friend requests to 0 users.
2025-05-14 00:49:02,130 INFO api_logger User ma has received 0 friend requests.
2025-05-14 00:49:02,131 INFO api_logger User ma performed an empty search.
2025-05-14 00:49:02,131 INFO api_logger Found 0 users who are not friends.
2025-05-14 00:49:03,884 INFO api_logger User ma accessed the home page and viewed 2 posts.
2025-05-14 00:52:48,304 INFO api_logger User ma accessed the home page and viewed 2 posts.
2025-05-14 00:52:49,096 INFO api_logger User ma accessed the home page and viewed 2 posts.
2025-05-14 00:53:08,806 INFO api_logger User ma accessed the home page and viewed 2 posts.
2025-05-14 00:53:11,684 INFO api_logger GET request to GenerateVideo endpoint.
2025-05-14 00:54:13,859 INFO api_logger GET request to GenerateVideo endpoint.
2025-05-14 00:54:17,946 INFO api_logger User ma accessed the home page and viewed 2 posts.
2025-05-14 00:58:33,403 INFO api_logger User ma accessed the home page and viewed 2 posts.
2025-05-14 00:58:54,012 INFO api_logger User ma accessed the home page and viewed 2 posts.
2025-05-14 01:01:48,910 INFO api_logger User ma accessed the home page and viewed 2 posts.
2025-05-14 01:02:10,698 INFO api_logger User ma accessed the home page and viewed 2 posts.
2025-05-14 01:04:47,347 INFO api_logger User ma accessed the home page and viewed 2 posts.
2025-05-14 01:04:51,220 INFO api_logger User ma accessed the home page and viewed 2 posts.
2025-05-14 01:04:55,341 INFO api_logger User ma accessed the home page and viewed 2 posts.
2025-05-14 01:05:42,687 INFO api_logger User ma accessed the home page and viewed 2 posts.
2025-05-14 01:07:32,839 INFO api_logger User ma accessed the home page and viewed 2 posts.
2025-05-14 01:07:53,934 INFO api_logger GET request to GenerateVideo endpoint.
2025-05-14 01:09:24,962 INFO api_logger User ma accessed the home page and viewed 2 posts.
2025-05-14 01:09:54,517 INFO api_logger User ma accessed the home page and viewed 2 posts.
2025-05-14 01:11:44,075 INFO api_logger User ma accessed the home page and viewed 2 posts.
2025-05-14 01:12:46,084 INFO api_logger User ma accessed the home page and viewed 2 posts.
2025-05-14 01:12:59,500 INFO api_logger User ma accessed the home page and viewed 2 posts.
2025-05-14 01:13:03,929 INFO api_logger User ma accessed the home page and viewed 2 posts.
2025-05-14 01:13:13,196 INFO api_logger User ma accessed the home page and viewed 2 posts.
2025-05-14 01:13:24,900 INFO api_logger User ma accessed the home page and viewed 2 posts.
2025-05-14 01:13:25,693 INFO api_logger User ma accessed the home page and viewed 2 posts.
2025-05-14 01:13:29,333 INFO api_logger User ma accessed the home page and viewed 2 posts.
2025-05-14 01:13:58,453 INFO api_logger User ma accessed the home page and viewed 2 posts.
2025-05-14 01:14:06,293 INFO api_logger User ma accessed the home page and viewed 2 posts.
2025-05-14 01:15:11,052 INFO api_logger User ma accessed the home page and viewed 2 posts.
2025-05-14 01:15:59,797 INFO api_logger User ma accessed the home page and viewed 2 posts.
